0 info it worked if it ends with ok
1 verbose cli [ 'D:\\ProgramFiles\\nodejs4\\node.exe',
1 verbose cli   'C:\\Users\\wlj\\AppData\\Roaming\\npm\\node_modules\\cnpm\\node_modules\\npm\\bin\\npm-cli.js',
1 verbose cli   '--userconfig=C:\\Users\\wlj\\.cnpmrc',
1 verbose cli   '--disturl=https://npm.taobao.org/mirrors/node',
1 verbose cli   '--cache=C:\\Users\\wlj\\.cnpm',
1 verbose cli   '--registry=https://registry.npm.taobao.org',
1 verbose cli   '--node-gyp=C:\\Users\\wlj\\AppData\\Roaming\\npm\\node_modules\\cnpm\\node_modules\\node-gyp\\bin\\node-gyp.js',
1 verbose cli   'install',
1 verbose cli   '--save',
1 verbose cli   'nodejieba' ]
2 info using npm@2.14.19
3 info using node@v4.2.1
4 verbose install initial load of D:\work\GitHub\front-end-learning\demos\jquery-plugins\package.json
5 warn package.json jquery-plugins@1.0.0 No repository field.
6 warn package.json jquery-plugins@1.0.0 No README data
7 verbose installManyTop reading scoped package data from D:\work\GitHub\front-end-learning\demos\jquery-plugins\node_modules\bootstrap\package.json
8 verbose installManyTop reading scoped package data from D:\work\GitHub\front-end-learning\demos\jquery-plugins\node_modules\grunt\package.json
9 verbose installManyTop reading scoped package data from D:\work\GitHub\front-end-learning\demos\jquery-plugins\node_modules\highlight.js\package.json
10 verbose installManyTop reading scoped package data from D:\work\GitHub\front-end-learning\demos\jquery-plugins\node_modules\jquery\package.json
11 verbose installManyTop reading scoped package data from D:\work\GitHub\front-end-learning\demos\jquery-plugins\node_modules\jquery-file-upload\package.json
12 verbose installManyTop reading scoped package data from D:\work\GitHub\front-end-learning\demos\jquery-plugins\node_modules\jquery-validation\package.json
13 verbose installManyTop reading scoped package data from D:\work\GitHub\front-end-learning\demos\jquery-plugins\node_modules\moment\package.json
14 verbose installManyTop reading scoped package data from D:\work\GitHub\front-end-learning\demos\jquery-plugins\node_modules\pinyin\package.json
15 verbose installManyTop reading scoped package data from D:\work\GitHub\front-end-learning\demos\jquery-plugins\node_modules\pure\package.json
16 verbose installManyTop reading scoped package data from D:\work\GitHub\front-end-learning\demos\jquery-plugins\node_modules\purecss\package.json
17 verbose installManyTop reading scoped package data from D:\work\GitHub\front-end-learning\demos\jquery-plugins\node_modules\requirejs\package.json
18 verbose installManyTop reading scoped package data from D:\work\GitHub\front-end-learning\demos\jquery-plugins\node_modules\seajs\package.json
19 verbose installManyTop reading scoped package data from D:\work\GitHub\front-end-learning\demos\jquery-plugins\node_modules\syntaxhighlighter\package.json
20 verbose installManyTop reading scoped package data from D:\work\GitHub\front-end-learning\demos\jquery-plugins\node_modules\underscore\package.json
21 info package.json grunt@0.4.5 No license field.
22 info package.json pure@2.67.0 No license field.
23 info package.json purecss@0.6.0 license should be a valid SPDX license expression
24 info package.json syntaxhighlighter@3.0.90 No license field.
25 info package.json seajs@3.0.2 No license field.
26 info package.json requirejs@2.1.22 No license field.
27 verbose readDependencies loading dependencies from D:\work\GitHub\front-end-learning\demos\jquery-plugins\package.json
28 silly cache add args [ 'nodejieba', null ]
29 verbose cache add spec nodejieba
30 silly cache add parsed spec Result {
30 silly cache add   raw: 'nodejieba',
30 silly cache add   scope: null,
30 silly cache add   name: 'nodejieba',
30 silly cache add   rawSpec: '',
30 silly cache add   spec: 'latest',
30 silly cache add   type: 'tag' }
31 silly addNamed nodejieba@latest
32 verbose addNamed "latest" is being treated as a dist-tag for nodejieba
33 info addNameTag [ 'nodejieba', 'latest' ]
34 silly mapToRegistry name nodejieba
35 silly mapToRegistry using default registry
36 silly mapToRegistry registry https://registry.npm.taobao.org/
37 silly mapToRegistry uri https://registry.npm.taobao.org/nodejieba
38 verbose addNameTag registry:https://registry.npm.taobao.org/nodejieba not in flight; fetching
39 verbose request uri https://registry.npm.taobao.org/nodejieba
40 verbose request no auth needed
41 info attempt registry request try #1 at 11:01:26
42 verbose request id 973833246d69a0b3
43 http request GET https://registry.npm.taobao.org/nodejieba
44 http 200 https://registry.npm.taobao.org/nodejieba
45 verbose headers { date: 'Wed, 17 Feb 2016 03:01:28 GMT',
45 verbose headers   'content-type': 'application/json; charset=utf-8',
45 verbose headers   'content-length': '49776',
45 verbose headers   connection: 'keep-alive',
45 verbose headers   etag: '"c270-hDknTBr6n4uH8entJuy84g"',
45 verbose headers   'x-readtime': '34' }
46 silly get cb [ 200,
46 silly get   { date: 'Wed, 17 Feb 2016 03:01:28 GMT',
46 silly get     'content-type': 'application/json; charset=utf-8',
46 silly get     'content-length': '49776',
46 silly get     connection: 'keep-alive',
46 silly get     etag: '"c270-hDknTBr6n4uH8entJuy84g"',
46 silly get     'x-readtime': '34' } ]
47 verbose get saving nodejieba to C:\Users\wlj\.cnpm\registry.npm.taobao.org\nodejieba\.cache.json
48 verbose correctMkdir C:\Users\wlj\.cnpm correctMkdir not in flight; initializing
49 verbose makeDirectory C:\Users\wlj\.cnpm creation not in flight; initializing
50 verbose makeCacheDir UID & GID are irrelevant on win32
51 silly addNameTag next cb for nodejieba with tag latest
52 silly addNamed nodejieba@1.4.8
53 verbose addNamed "1.4.8" is a plain semver version for nodejieba
54 silly mapToRegistry name nodejieba
55 silly mapToRegistry using default registry
56 silly mapToRegistry registry https://registry.npm.taobao.org/
57 silly mapToRegistry uri https://registry.npm.taobao.org/nodejieba
58 verbose addRemoteTarball https://registry.npm.taobao.org/nodejieba/download/nodejieba-1.4.8.tgz not in flight; adding
59 verbose addRemoteTarball [ 'https://registry.npm.taobao.org/nodejieba/download/nodejieba-1.4.8.tgz',
59 verbose addRemoteTarball   'c32e8934d09a1f9f429bec667f1df1e08f58b113' ]
60 info retry fetch attempt 1 at 11:01:27
61 info attempt registry request try #1 at 11:01:27
62 http fetch GET https://registry.npm.taobao.org/nodejieba/download/nodejieba-1.4.8.tgz
63 http fetch 200 https://registry.npm.taobao.org/nodejieba/download/nodejieba-1.4.8.tgz
64 silly fetchAndShaCheck shasum c32e8934d09a1f9f429bec667f1df1e08f58b113
65 verbose addTmpTarball C:\Users\wlj\AppData\Local\Temp\npm-10168-2b80d5c9\registry.npm.taobao.org\nodejieba\download\nodejieba-1.4.8.tgz not in flight; adding
66 verbose addTmpTarball already have metadata; skipping unpack for nodejieba@1.4.8
67 verbose correctMkdir C:\Users\wlj\.cnpm correctMkdir not in flight; initializing
68 silly cache afterAdd nodejieba@1.4.8
69 verbose afterAdd C:\Users\wlj\.cnpm\nodejieba\1.4.8\package\package.json not in flight; writing
70 verbose correctMkdir C:\Users\wlj\.cnpm correctMkdir not in flight; initializing
71 verbose afterAdd C:\Users\wlj\.cnpm\nodejieba\1.4.8\package\package.json written
72 silly install resolved [ { name: 'nodejieba',
72 silly install resolved     description: 'chinese word segmentation for node',
72 silly install resolved     version: '1.4.8',
72 silly install resolved     author: { name: 'Yanyi Wu', email: 'i@yanyiwu.com' },
72 silly install resolved     maintainers: [ [Object] ],
72 silly install resolved     main: './index.js',
72 silly install resolved     engines: { node: '>= 0.10.0', iojs: '>= 1.0.0' },
72 silly install resolved     repository:
72 silly install resolved      { type: 'git',
72 silly install resolved        url: 'git+ssh://git@github.com/yanyiwu/nodejieba.git' },
72 silly install resolved     keywords: [ 'chinese', 'segment', 'cppjieba', 'jieba', '中文分词', '结巴分词' ],
72 silly install resolved     dependencies: { nan: '~2.2.0' },
72 silly install resolved     devDependencies:
72 silly install resolved      { mocha: '~2.3.4',
72 silly install resolved        should: '~8.0.2',
72 silly install resolved        istanbul: '~0.4.1',
72 silly install resolved        coveralls: '~2.11.6' },
72 silly install resolved     scripts:
72 silly install resolved      { test: 'node test/demo.js && node test/load_dict_demo.js && mocha --timeout 10s -R spec test/test.js && mocha --timeout 10s -R spec test/load_dict_test.js',
72 silly install resolved        install: 'node-gyp rebuild' },
72 silly install resolved     license: 'MIT',
72 silly install resolved     gypfile: true,
72 silly install resolved     gitHead: 'a83c63b8f52808bf31d00c71de72d0a96ee7f42d',
72 silly install resolved     bugs: { url: 'https://github.com/yanyiwu/nodejieba/issues' },
72 silly install resolved     homepage: 'https://github.com/yanyiwu/nodejieba#readme',
72 silly install resolved     _id: 'nodejieba@1.4.8',
72 silly install resolved     _shasum: 'c32e8934d09a1f9f429bec667f1df1e08f58b113',
72 silly install resolved     _from: 'nodejieba@latest',
72 silly install resolved     _npmVersion: '2.14.7',
72 silly install resolved     _nodeVersion: '4.2.1',
72 silly install resolved     _npmUser: { name: 'yanyiwu', email: 'i@yanyiwu.com' },
72 silly install resolved     dist:
72 silly install resolved      { shasum: 'c32e8934d09a1f9f429bec667f1df1e08f58b113',
72 silly install resolved        size: 4291145,
72 silly install resolved        noattachment: false,
72 silly install resolved        tarball: 'http://registry.npm.taobao.org/nodejieba/download/nodejieba-1.4.8.tgz' },
72 silly install resolved     directories: {},
72 silly install resolved     publish_time: 1454131635622,
72 silly install resolved     _cnpm_publish_time: 1454131635622,
72 silly install resolved     _resolved: 'https://registry.npm.taobao.org/nodejieba/download/nodejieba-1.4.8.tgz' } ]
73 info install nodejieba@1.4.8 into D:\work\GitHub\front-end-learning\demos\jquery-plugins
74 info installOne nodejieba@1.4.8
75 verbose installOne of nodejieba to D:\work\GitHub\front-end-learning\demos\jquery-plugins not in flight; installing
76 verbose correctMkdir C:\Users\wlj\.cnpm\_locks correctMkdir not in flight; initializing
77 verbose makeDirectory C:\Users\wlj\.cnpm\_locks creation not in flight; initializing
78 verbose makeCacheDir UID & GID are irrelevant on win32
79 verbose lock using C:\Users\wlj\.cnpm\_locks\nodejieba-5bd8f8d9a328e39f.lock for D:\work\GitHub\front-end-learning\demos\jquery-plugins\node_modules\nodejieba
80 silly install write writing nodejieba 1.4.8 to D:\work\GitHub\front-end-learning\demos\jquery-plugins\node_modules\nodejieba
81 verbose unbuild node_modules\nodejieba
82 silly gentlyRm D:\work\GitHub\front-end-learning\demos\jquery-plugins\node_modules\nodejieba is being purged from base D:\work\GitHub\front-end-learning\demos\jquery-plugins
83 verbose gentlyRm don't care about contents; nuking D:\work\GitHub\front-end-learning\demos\jquery-plugins\node_modules\nodejieba
84 verbose tar unpack C:\Users\wlj\.cnpm\nodejieba\1.4.8\package.tgz
85 verbose tar unpacking to D:\work\GitHub\front-end-learning\demos\jquery-plugins\node_modules\nodejieba
86 silly gentlyRm D:\work\GitHub\front-end-learning\demos\jquery-plugins\node_modules\nodejieba is being purged
87 verbose gentlyRm don't care about contents; nuking D:\work\GitHub\front-end-learning\demos\jquery-plugins\node_modules\nodejieba
88 silly gunzTarPerm modes [ '777', '666' ]
89 silly gunzTarPerm extractEntry package.json
90 silly gunzTarPerm modified mode [ 'package.json', 436, 438 ]
91 silly gunzTarPerm extractEntry .npmignore
92 silly gunzTarPerm modified mode [ '.npmignore', 436, 438 ]
93 silly gunzTarPerm extractEntry README.md
94 silly gunzTarPerm modified mode [ 'README.md', 436, 438 ]
95 silly gunzTarPerm extractEntry index.js
96 silly gunzTarPerm modified mode [ 'index.js', 436, 438 ]
97 silly gunzTarPerm extractEntry README_EN.md
98 silly gunzTarPerm modified mode [ 'README_EN.md', 436, 438 ]
99 silly gunzTarPerm extractEntry binding.gyp
100 silly gunzTarPerm modified mode [ 'binding.gyp', 436, 438 ]
101 silly gunzTarPerm extractEntry .travis.yml
102 silly gunzTarPerm modified mode [ '.travis.yml', 436, 438 ]
103 silly gunzTarPerm extractEntry deps/cppjieba/MPSegment.hpp
104 silly gunzTarPerm modified mode [ 'deps/cppjieba/MPSegment.hpp', 436, 438 ]
105 silly gunzTarPerm extractEntry deps/cppjieba/DictTrie.hpp
106 silly gunzTarPerm modified mode [ 'deps/cppjieba/DictTrie.hpp', 436, 438 ]
107 silly gunzTarPerm extractEntry deps/cppjieba/HMMModel.hpp
108 silly gunzTarPerm modified mode [ 'deps/cppjieba/HMMModel.hpp', 436, 438 ]
109 silly gunzTarPerm extractEntry deps/cppjieba/HMMSegment.hpp
110 silly gunzTarPerm modified mode [ 'deps/cppjieba/HMMSegment.hpp', 436, 438 ]
111 silly gunzTarPerm extractEntry deps/cppjieba/Jieba.hpp
112 silly gunzTarPerm modified mode [ 'deps/cppjieba/Jieba.hpp', 436, 438 ]
113 silly gunzTarPerm extractEntry deps/cppjieba/KeywordExtractor.hpp
114 silly gunzTarPerm modified mode [ 'deps/cppjieba/KeywordExtractor.hpp', 436, 438 ]
115 silly gunzTarPerm extractEntry deps/cppjieba/LevelSegment.hpp
116 silly gunzTarPerm modified mode [ 'deps/cppjieba/LevelSegment.hpp', 436, 438 ]
117 silly gunzTarPerm extractEntry deps/cppjieba/FullSegment.hpp
118 silly gunzTarPerm modified mode [ 'deps/cppjieba/FullSegment.hpp', 436, 438 ]
119 silly gunzTarPerm extractEntry deps/cppjieba/MixSegment.hpp
120 silly gunzTarPerm modified mode [ 'deps/cppjieba/MixSegment.hpp', 436, 438 ]
121 silly gunzTarPerm extractEntry deps/cppjieba/PosTagger.hpp
122 silly gunzTarPerm modified mode [ 'deps/cppjieba/PosTagger.hpp', 436, 438 ]
123 silly gunzTarPerm extractEntry deps/cppjieba/PreFilter.hpp
124 silly gunzTarPerm modified mode [ 'deps/cppjieba/PreFilter.hpp', 436, 438 ]
125 silly gunzTarPerm extractEntry deps/cppjieba/QuerySegment.hpp
126 silly gunzTarPerm modified mode [ 'deps/cppjieba/QuerySegment.hpp', 436, 438 ]
127 silly gunzTarPerm extractEntry deps/cppjieba/SegmentBase.hpp
128 silly gunzTarPerm modified mode [ 'deps/cppjieba/SegmentBase.hpp', 436, 438 ]
129 silly gunzTarPerm extractEntry deps/cppjieba/TransCode.hpp
130 silly gunzTarPerm modified mode [ 'deps/cppjieba/TransCode.hpp', 436, 438 ]
131 silly gunzTarPerm extractEntry deps/cppjieba/Trie.hpp
132 silly gunzTarPerm modified mode [ 'deps/cppjieba/Trie.hpp', 436, 438 ]
133 silly gunzTarPerm extractEntry deps/limonp/LocalVector.hpp
134 silly gunzTarPerm modified mode [ 'deps/limonp/LocalVector.hpp', 436, 438 ]
135 silly gunzTarPerm extractEntry deps/limonp/ArgvContext.hpp
136 silly gunzTarPerm modified mode [ 'deps/limonp/ArgvContext.hpp', 436, 438 ]
137 silly gunzTarPerm extractEntry deps/limonp/BoundedBlockingQueue.hpp
138 silly gunzTarPerm modified mode [ 'deps/limonp/BoundedBlockingQueue.hpp', 436, 438 ]
139 silly gunzTarPerm extractEntry deps/limonp/BoundedQueue.hpp
140 silly gunzTarPerm modified mode [ 'deps/limonp/BoundedQueue.hpp', 436, 438 ]
141 silly gunzTarPerm extractEntry deps/limonp/Closure.hpp
142 silly gunzTarPerm modified mode [ 'deps/limonp/Closure.hpp', 436, 438 ]
143 silly gunzTarPerm extractEntry deps/limonp/Colors.hpp
144 silly gunzTarPerm modified mode [ 'deps/limonp/Colors.hpp', 436, 438 ]
145 silly gunzTarPerm extractEntry deps/limonp/Condition.hpp
146 silly gunzTarPerm modified mode [ 'deps/limonp/Condition.hpp', 436, 438 ]
147 silly gunzTarPerm extractEntry deps/limonp/Config.hpp
148 silly gunzTarPerm modified mode [ 'deps/limonp/Config.hpp', 436, 438 ]
149 silly gunzTarPerm extractEntry deps/limonp/FileLock.hpp
150 silly gunzTarPerm modified mode [ 'deps/limonp/FileLock.hpp', 436, 438 ]
151 silly gunzTarPerm extractEntry deps/limonp/BlockingQueue.hpp
152 silly gunzTarPerm modified mode [ 'deps/limonp/BlockingQueue.hpp', 436, 438 ]
153 silly gunzTarPerm extractEntry deps/limonp/Logging.hpp
154 silly gunzTarPerm modified mode [ 'deps/limonp/Logging.hpp', 436, 438 ]
155 silly gunzTarPerm extractEntry deps/limonp/Md5.hpp
156 silly gunzTarPerm modified mode [ 'deps/limonp/Md5.hpp', 436, 438 ]
157 silly gunzTarPerm extractEntry deps/limonp/MutexLock.hpp
158 silly gunzTarPerm modified mode [ 'deps/limonp/MutexLock.hpp', 436, 438 ]
159 silly gunzTarPerm extractEntry deps/limonp/NonCopyable.hpp
160 silly gunzTarPerm modified mode [ 'deps/limonp/NonCopyable.hpp', 436, 438 ]
161 silly gunzTarPerm extractEntry deps/limonp/StdExtension.hpp
162 silly gunzTarPerm modified mode [ 'deps/limonp/StdExtension.hpp', 436, 438 ]
163 silly gunzTarPerm extractEntry deps/limonp/StringUtil.hpp
164 silly gunzTarPerm modified mode [ 'deps/limonp/StringUtil.hpp', 436, 438 ]
165 silly gunzTarPerm extractEntry deps/limonp/Thread.hpp
166 silly gunzTarPerm modified mode [ 'deps/limonp/Thread.hpp', 436, 438 ]
167 silly gunzTarPerm extractEntry deps/limonp/ThreadPool.hpp
168 silly gunzTarPerm modified mode [ 'deps/limonp/ThreadPool.hpp', 436, 438 ]
169 silly gunzTarPerm extractEntry dict/hmm_model.utf8
170 silly gunzTarPerm modified mode [ 'dict/hmm_model.utf8', 436, 438 ]
171 silly gunzTarPerm extractEntry dict/idf.utf8
172 silly gunzTarPerm modified mode [ 'dict/idf.utf8', 436, 438 ]
173 silly gunzTarPerm extractEntry dict/jieba.dict.utf8
174 silly gunzTarPerm modified mode [ 'dict/jieba.dict.utf8', 436, 438 ]
175 silly gunzTarPerm extractEntry dict/stop_words.utf8
176 silly gunzTarPerm modified mode [ 'dict/stop_words.utf8', 436, 438 ]
177 silly gunzTarPerm extractEntry dict/user.dict.utf8
178 silly gunzTarPerm modified mode [ 'dict/user.dict.utf8', 436, 438 ]
179 silly gunzTarPerm extractEntry ChangeLog.md
180 silly gunzTarPerm modified mode [ 'ChangeLog.md', 436, 438 ]
181 silly gunzTarPerm extractEntry lib/index.cpp
182 silly gunzTarPerm modified mode [ 'lib/index.cpp', 436, 438 ]
183 silly gunzTarPerm extractEntry lib/nodejieba.cpp
184 silly gunzTarPerm modified mode [ 'lib/nodejieba.cpp', 436, 438 ]
185 silly gunzTarPerm extractEntry lib/nodejieba.h
186 silly gunzTarPerm modified mode [ 'lib/nodejieba.h', 436, 438 ]
187 silly gunzTarPerm extractEntry lib/utils.h
188 silly gunzTarPerm modified mode [ 'lib/utils.h', 436, 438 ]
189 silly gunzTarPerm extractEntry test/demo.js
190 silly gunzTarPerm modified mode [ 'test/demo.js', 436, 438 ]
191 silly gunzTarPerm extractEntry test/load_dict_demo.js
192 silly gunzTarPerm modified mode [ 'test/load_dict_demo.js', 436, 438 ]
193 silly gunzTarPerm extractEntry test/load_dict_test.js
194 silly gunzTarPerm modified mode [ 'test/load_dict_test.js', 436, 438 ]
195 silly gunzTarPerm extractEntry test/test.js
196 silly gunzTarPerm modified mode [ 'test/test.js', 436, 438 ]
197 silly gunzTarPerm extractEntry test/testdata/userdict.utf8
198 silly gunzTarPerm modified mode [ 'test/testdata/userdict.utf8', 436, 438 ]
199 verbose write writing to D:\work\GitHub\front-end-learning\demos\jquery-plugins\node_modules\nodejieba\package.json
200 info preinstall nodejieba@1.4.8
201 verbose readDependencies loading dependencies from D:\work\GitHub\front-end-learning\demos\jquery-plugins\node_modules\nodejieba\package.json
202 silly prepareForInstallMany adding nan@~2.2.0 from nodejieba dependencies
203 verbose readDependencies loading dependencies from D:\work\GitHub\front-end-learning\demos\jquery-plugins\node_modules\nodejieba\package.json
204 silly cache add args [ 'nan@~2.2.0', null ]
205 verbose cache add spec nan@~2.2.0
206 silly cache add parsed spec Result {
206 silly cache add   raw: 'nan@~2.2.0',
206 silly cache add   scope: null,
206 silly cache add   name: 'nan',
206 silly cache add   rawSpec: '~2.2.0',
206 silly cache add   spec: '>=2.2.0 <2.3.0',
206 silly cache add   type: 'range' }
207 silly addNamed nan@>=2.2.0 <2.3.0
208 verbose addNamed ">=2.2.0 <2.3.0" is a valid semver range for nan
209 silly addNameRange { name: 'nan', range: '>=2.2.0 <2.3.0', hasData: false }
210 silly mapToRegistry name nan
211 silly mapToRegistry using default registry
212 silly mapToRegistry registry https://registry.npm.taobao.org/
213 silly mapToRegistry uri https://registry.npm.taobao.org/nan
214 verbose addNameRange registry:https://registry.npm.taobao.org/nan not in flight; fetching
215 verbose request uri https://registry.npm.taobao.org/nan
216 verbose request no auth needed
217 info attempt registry request try #1 at 11:01:52
218 http request GET https://registry.npm.taobao.org/nan
219 http 200 https://registry.npm.taobao.org/nan
220 verbose headers { date: 'Wed, 17 Feb 2016 03:01:55 GMT',
220 verbose headers   'content-type': 'application/json; charset=utf-8',
220 verbose headers   'content-length': '109179',
220 verbose headers   connection: 'keep-alive',
220 verbose headers   etag: '"1aa7b-Nc4BtCzEiCPqGjF4jETAKA"',
220 verbose headers   'x-readtime': '156' }
221 silly get cb [ 200,
221 silly get   { date: 'Wed, 17 Feb 2016 03:01:55 GMT',
221 silly get     'content-type': 'application/json; charset=utf-8',
221 silly get     'content-length': '109179',
221 silly get     connection: 'keep-alive',
221 silly get     etag: '"1aa7b-Nc4BtCzEiCPqGjF4jETAKA"',
221 silly get     'x-readtime': '156' } ]
222 verbose get saving nan to C:\Users\wlj\.cnpm\registry.npm.taobao.org\nan\.cache.json
223 verbose correctMkdir C:\Users\wlj\.cnpm correctMkdir not in flight; initializing
224 silly addNameRange number 2 { name: 'nan', range: '>=2.2.0 <2.3.0', hasData: true }
225 silly addNameRange versions [ 'nan',
225 silly addNameRange   [ '2.2.0',
225 silly addNameRange     '2.1.0',
225 silly addNameRange     '2.0.9',
225 silly addNameRange     '2.0.8',
225 silly addNameRange     '2.0.7',
225 silly addNameRange     '2.0.6',
225 silly addNameRange     '2.0.5',
225 silly addNameRange     '2.0.4',
225 silly addNameRange     '2.0.3',
225 silly addNameRange     '2.0.2',
225 silly addNameRange     '2.0.1',
225 silly addNameRange     '2.0.0',
225 silly addNameRange     '1.9.0',
225 silly addNameRange     '1.8.4',
225 silly addNameRange     '1.8.3',
225 silly addNameRange     '1.8.2',
225 silly addNameRange     '1.8.1',
225 silly addNameRange     '1.8.0',
225 silly addNameRange     '1.7.0',
225 silly addNameRange     '1.6.2',
225 silly addNameRange     '1.6.1',
225 silly addNameRange     '1.5.3',
225 silly addNameRange     '1.6.0',
225 silly addNameRange     '1.5.2',
225 silly addNameRange     '1.5.1',
225 silly addNameRange     '1.4.3',
225 silly addNameRange     '1.4.2',
225 silly addNameRange     '1.5.0',
225 silly addNameRange     '1.4.1',
225 silly addNameRange     '1.4.0',
225 silly addNameRange     '1.3.0',
225 silly addNameRange     '1.2.0',
225 silly addNameRange     '1.1.2',
225 silly addNameRange     '1.1.1',
225 silly addNameRange     '1.1.0',
225 silly addNameRange     '1.0.0',
225 silly addNameRange     '0.8.0',
225 silly addNameRange     '0.7.1',
225 silly addNameRange     '0.7.0',
225 silly addNameRange     '0.6.0',
225 silly addNameRange     '0.5.2',
225 silly addNameRange     '0.5.1',
225 silly addNameRange     '0.5.0',
225 silly addNameRange     '0.4.4',
225 silly addNameRange     '0.4.3',
225 silly addNameRange     '0.4.2',
225 silly addNameRange     '0.4.1',
225 silly addNameRange     '0.4.0',
225 silly addNameRange     '0.3.2',
225 silly addNameRange     '0.3.1',
225 silly addNameRange     '0.3.0',
225 silly addNameRange     '0.3.0-wip2',
225 silly addNameRange     '0.3.0-wip' ] ]
226 silly addNamed nan@2.2.0
227 verbose addNamed "2.2.0" is a plain semver version for nan
228 silly mapToRegistry name nan
229 silly mapToRegistry using default registry
230 silly mapToRegistry registry https://registry.npm.taobao.org/
231 silly mapToRegistry uri https://registry.npm.taobao.org/nan
232 verbose addRemoteTarball https://registry.npm.taobao.org/nan/download/nan-2.2.0.tgz not in flight; adding
233 verbose addRemoteTarball [ 'https://registry.npm.taobao.org/nan/download/nan-2.2.0.tgz',
233 verbose addRemoteTarball   '779c07135629503cf6a7b7e6aab33049b3c3853c' ]
234 info retry fetch attempt 1 at 11:01:53
235 info attempt registry request try #1 at 11:01:53
236 http fetch GET https://registry.npm.taobao.org/nan/download/nan-2.2.0.tgz
237 http fetch 200 https://registry.npm.taobao.org/nan/download/nan-2.2.0.tgz
238 silly fetchAndShaCheck shasum 779c07135629503cf6a7b7e6aab33049b3c3853c
239 verbose addTmpTarball C:\Users\wlj\AppData\Local\Temp\npm-10168-2b80d5c9\registry.npm.taobao.org\nan\download\nan-2.2.0.tgz not in flight; adding
240 verbose addTmpTarball already have metadata; skipping unpack for nan@2.2.0
241 verbose correctMkdir C:\Users\wlj\.cnpm correctMkdir not in flight; initializing
242 silly cache afterAdd nan@2.2.0
243 verbose afterAdd C:\Users\wlj\.cnpm\nan\2.2.0\package\package.json not in flight; writing
244 verbose correctMkdir C:\Users\wlj\.cnpm correctMkdir not in flight; initializing
245 verbose afterAdd C:\Users\wlj\.cnpm\nan\2.2.0\package\package.json written
246 silly install resolved [ { name: 'nan',
246 silly install resolved     version: '2.2.0',
246 silly install resolved     description: 'Native Abstractions for Node.js: C++ header for Node 0.8 -> 4 compatibility',
246 silly install resolved     main: 'include_dirs.js',
246 silly install resolved     repository: { type: 'git', url: 'git://github.com/nodejs/nan.git' },
246 silly install resolved     scripts:
246 silly install resolved      { test: 'tap --gc test/js/*-test.js',
246 silly install resolved        'rebuild-tests': 'node-gyp rebuild --msvs_version=2013 --directory test',
246 silly install resolved        docs: 'doc/.build.sh' },
246 silly install resolved     contributors:
246 silly install resolved      [ [Object],
246 silly install resolved        [Object],
246 silly install resolved        [Object],
246 silly install resolved        [Object],
246 silly install resolved        [Object],
246 silly install resolved        [Object],
246 silly install resolved        [Object] ],
246 silly install resolved     devDependencies:
246 silly install resolved      { bindings: '~1.2.1',
246 silly install resolved        commander: '^2.8.1',
246 silly install resolved        glob: '^5.0.14',
246 silly install resolved        'node-gyp': '~3.0.1',
246 silly install resolved        tap: '~0.7.1',
246 silly install resolved        xtend: '~4.0.0' },
246 silly install resolved     license: 'MIT',
246 silly install resolved     bugs: { url: 'https://github.com/nodejs/nan/issues' },
246 silly install resolved     homepage: 'https://github.com/nodejs/nan#readme',
246 silly install resolved     _id: 'nan@2.2.0',
246 silly install resolved     _shasum: '779c07135629503cf6a7b7e6aab33049b3c3853c',
246 silly install resolved     _resolved: 'https://registry.npm.taobao.org/nan/download/nan-2.2.0.tgz',
246 silly install resolved     _from: 'nan@>=2.2.0 <2.3.0',
246 silly install resolved     _npmVersion: '3.3.6',
246 silly install resolved     _nodeVersion: '5.0.0',
246 silly install resolved     _npmUser: { name: 'kkoopa', email: 'bbyholm@abo.fi' },
246 silly install resolved     dist:
246 silly install resolved      { shasum: '779c07135629503cf6a7b7e6aab33049b3c3853c',
246 silly install resolved        size: 64783,
246 silly install resolved        noattachment: false,
246 silly install resolved        tarball: 'http://registry.npm.taobao.org/nan/download/nan-2.2.0.tgz' },
246 silly install resolved     maintainers: [ [Object], [Object] ],
246 silly install resolved     directories: {},
246 silly install resolved     publish_time: 1452352377471,
246 silly install resolved     _cnpm_publish_time: 1452352377471 } ]
247 info install nan@2.2.0 into D:\work\GitHub\front-end-learning\demos\jquery-plugins\node_modules\nodejieba
248 info installOne nan@2.2.0
249 verbose installOne of nan to D:\work\GitHub\front-end-learning\demos\jquery-plugins\node_modules\nodejieba not in flight; installing
250 verbose correctMkdir C:\Users\wlj\.cnpm\_locks correctMkdir not in flight; initializing
251 verbose lock using C:\Users\wlj\.cnpm\_locks\nan-ce97db8eb5c2a448.lock for D:\work\GitHub\front-end-learning\demos\jquery-plugins\node_modules\nodejieba\node_modules\nan
252 silly install write writing nan 2.2.0 to D:\work\GitHub\front-end-learning\demos\jquery-plugins\node_modules\nodejieba\node_modules\nan
253 verbose unbuild node_modules\nodejieba\node_modules\nan
254 silly gentlyRm D:\work\GitHub\front-end-learning\demos\jquery-plugins\node_modules\nodejieba\node_modules\nan is being purged from base D:\work\GitHub\front-end-learning\demos\jquery-plugins
255 verbose gentlyRm don't care about contents; nuking D:\work\GitHub\front-end-learning\demos\jquery-plugins\node_modules\nodejieba\node_modules\nan
256 verbose tar unpack C:\Users\wlj\.cnpm\nan\2.2.0\package.tgz
257 verbose tar unpacking to D:\work\GitHub\front-end-learning\demos\jquery-plugins\node_modules\nodejieba\node_modules\nan
258 silly gentlyRm D:\work\GitHub\front-end-learning\demos\jquery-plugins\node_modules\nodejieba\node_modules\nan is being purged
259 verbose gentlyRm don't care about contents; nuking D:\work\GitHub\front-end-learning\demos\jquery-plugins\node_modules\nodejieba\node_modules\nan
260 silly gunzTarPerm modes [ '777', '666' ]
261 silly gunzTarPerm extractEntry package.json
262 silly gunzTarPerm modified mode [ 'package.json', 436, 438 ]
263 silly gunzTarPerm extractEntry README.md
264 silly gunzTarPerm modified mode [ 'README.md', 436, 438 ]
265 silly gunzTarPerm extractEntry include_dirs.js
266 silly gunzTarPerm modified mode [ 'include_dirs.js', 436, 438 ]
267 silly gunzTarPerm extractEntry nan_converters.h
268 silly gunzTarPerm modified mode [ 'nan_converters.h', 436, 438 ]
269 silly gunzTarPerm extractEntry LICENSE.md
270 silly gunzTarPerm modified mode [ 'LICENSE.md', 436, 438 ]
271 silly gunzTarPerm extractEntry .dntrc
272 silly gunzTarPerm modified mode [ '.dntrc', 436, 438 ]
273 silly gunzTarPerm extractEntry appveyor.yml
274 silly gunzTarPerm modified mode [ 'appveyor.yml', 436, 438 ]
275 silly gunzTarPerm extractEntry doc/new.md
276 silly gunzTarPerm modified mode [ 'doc/new.md', 436, 438 ]
277 silly gunzTarPerm extractEntry doc/.build.sh
278 silly gunzTarPerm modified mode [ 'doc/.build.sh', 509, 511 ]
279 silly gunzTarPerm extractEntry doc/buffers.md
280 silly gunzTarPerm modified mode [ 'doc/buffers.md', 436, 438 ]
281 silly gunzTarPerm extractEntry doc/callback.md
282 silly gunzTarPerm modified mode [ 'doc/callback.md', 436, 438 ]
283 silly gunzTarPerm extractEntry doc/converters.md
284 silly gunzTarPerm modified mode [ 'doc/converters.md', 436, 438 ]
285 silly gunzTarPerm extractEntry doc/errors.md
286 silly gunzTarPerm modified mode [ 'doc/errors.md', 436, 438 ]
287 silly gunzTarPerm extractEntry doc/maybe_types.md
288 silly gunzTarPerm modified mode [ 'doc/maybe_types.md', 436, 438 ]
289 silly gunzTarPerm extractEntry doc/methods.md
290 silly gunzTarPerm modified mode [ 'doc/methods.md', 436, 438 ]
291 silly gunzTarPerm extractEntry doc/asyncworker.md
292 silly gunzTarPerm modified mode [ 'doc/asyncworker.md', 436, 438 ]
293 silly gunzTarPerm extractEntry doc/node_misc.md
294 silly gunzTarPerm modified mode [ 'doc/node_misc.md', 436, 438 ]
295 silly gunzTarPerm extractEntry doc/object_wrappers.md
296 silly gunzTarPerm modified mode [ 'doc/object_wrappers.md', 436, 438 ]
297 silly gunzTarPerm extractEntry doc/persistent.md
298 silly gunzTarPerm modified mode [ 'doc/persistent.md', 436, 438 ]
299 silly gunzTarPerm extractEntry doc/scopes.md
300 silly gunzTarPerm modified mode [ 'doc/scopes.md', 436, 438 ]
301 silly gunzTarPerm extractEntry doc/script.md
302 silly gunzTarPerm modified mode [ 'doc/script.md', 436, 438 ]
303 silly gunzTarPerm extractEntry doc/string_bytes.md
304 silly gunzTarPerm modified mode [ 'doc/string_bytes.md', 436, 438 ]
305 silly gunzTarPerm extractEntry doc/v8_internals.md
306 silly gunzTarPerm modified mode [ 'doc/v8_internals.md', 436, 438 ]
307 silly gunzTarPerm extractEntry doc/v8_misc.md
308 silly gunzTarPerm modified mode [ 'doc/v8_misc.md', 436, 438 ]
309 silly gunzTarPerm extractEntry nan.h
310 silly gunzTarPerm modified mode [ 'nan.h', 436, 438 ]
311 silly gunzTarPerm extractEntry nan_callbacks.h
312 silly gunzTarPerm modified mode [ 'nan_callbacks.h', 436, 438 ]
313 silly gunzTarPerm extractEntry nan_callbacks_12_inl.h
314 silly gunzTarPerm modified mode [ 'nan_callbacks_12_inl.h', 436, 438 ]
315 silly gunzTarPerm extractEntry nan_callbacks_pre_12_inl.h
316 silly gunzTarPerm modified mode [ 'nan_callbacks_pre_12_inl.h', 436, 438 ]
317 silly gunzTarPerm extractEntry nan_converters_43_inl.h
318 silly gunzTarPerm modified mode [ 'nan_converters_43_inl.h', 436, 438 ]
319 silly gunzTarPerm extractEntry nan_converters_pre_43_inl.h
320 silly gunzTarPerm modified mode [ 'nan_converters_pre_43_inl.h', 436, 438 ]
321 silly gunzTarPerm extractEntry nan_implementation_12_inl.h
322 silly gunzTarPerm modified mode [ 'nan_implementation_12_inl.h', 436, 438 ]
323 silly gunzTarPerm extractEntry nan_implementation_pre_12_inl.h
324 silly gunzTarPerm modified mode [ 'nan_implementation_pre_12_inl.h', 436, 438 ]
325 silly gunzTarPerm extractEntry nan_maybe_43_inl.h
326 silly gunzTarPerm modified mode [ 'nan_maybe_43_inl.h', 436, 438 ]
327 silly gunzTarPerm extractEntry nan_maybe_pre_43_inl.h
328 silly gunzTarPerm modified mode [ 'nan_maybe_pre_43_inl.h', 436, 438 ]
329 silly gunzTarPerm extractEntry nan_new.h
330 silly gunzTarPerm modified mode [ 'nan_new.h', 436, 438 ]
331 silly gunzTarPerm extractEntry nan_object_wrap.h
332 silly gunzTarPerm modified mode [ 'nan_object_wrap.h', 436, 438 ]
333 silly gunzTarPerm extractEntry nan_persistent_12_inl.h
334 silly gunzTarPerm modified mode [ 'nan_persistent_12_inl.h', 436, 438 ]
335 silly gunzTarPerm extractEntry nan_persistent_pre_12_inl.h
336 silly gunzTarPerm modified mode [ 'nan_persistent_pre_12_inl.h', 436, 438 ]
337 silly gunzTarPerm extractEntry nan_string_bytes.h
338 silly gunzTarPerm modified mode [ 'nan_string_bytes.h', 436, 438 ]
339 silly gunzTarPerm extractEntry nan_typedarray_contents.h
340 silly gunzTarPerm modified mode [ 'nan_typedarray_contents.h', 436, 438 ]
341 silly gunzTarPerm extractEntry nan_weak.h
342 silly gunzTarPerm modified mode [ 'nan_weak.h', 436, 438 ]
343 silly gunzTarPerm extractEntry CHANGELOG.md
344 silly gunzTarPerm modified mode [ 'CHANGELOG.md', 436, 438 ]
345 silly gunzTarPerm extractEntry tools/package.json
346 silly gunzTarPerm modified mode [ 'tools/package.json', 436, 438 ]
347 silly gunzTarPerm extractEntry tools/README.md
348 silly gunzTarPerm modified mode [ 'tools/README.md', 436, 438 ]
349 silly gunzTarPerm extractEntry tools/1to2.js
350 silly gunzTarPerm modified mode [ 'tools/1to2.js', 509, 511 ]
351 verbose write writing to D:\work\GitHub\front-end-learning\demos\jquery-plugins\node_modules\nodejieba\node_modules\nan\package.json
352 info preinstall nan@2.2.0
353 verbose readDependencies loading dependencies from D:\work\GitHub\front-end-learning\demos\jquery-plugins\node_modules\nodejieba\node_modules\nan\package.json
354 verbose readDependencies loading dependencies from D:\work\GitHub\front-end-learning\demos\jquery-plugins\node_modules\nodejieba\node_modules\nan\package.json
355 silly install resolved []
356 verbose about to build D:\work\GitHub\front-end-learning\demos\jquery-plugins\node_modules\nodejieba\node_modules\nan
357 info build D:\work\GitHub\front-end-learning\demos\jquery-plugins\node_modules\nodejieba\node_modules\nan
358 info linkStuff nan@2.2.0
359 silly linkStuff nan@2.2.0 has D:\work\GitHub\front-end-learning\demos\jquery-plugins\node_modules\nodejieba\node_modules as its parent node_modules
360 verbose linkBins nan@2.2.0
361 verbose linkMans nan@2.2.0
362 verbose rebuildBundles nan@2.2.0
363 info install nan@2.2.0
364 info postinstall nan@2.2.0
365 verbose unlock done using C:\Users\wlj\.cnpm\_locks\nan-ce97db8eb5c2a448.lock for D:\work\GitHub\front-end-learning\demos\jquery-plugins\node_modules\nodejieba\node_modules\nan
366 verbose about to build D:\work\GitHub\front-end-learning\demos\jquery-plugins\node_modules\nodejieba
367 info build D:\work\GitHub\front-end-learning\demos\jquery-plugins\node_modules\nodejieba
368 info linkStuff nodejieba@1.4.8
369 silly linkStuff nodejieba@1.4.8 has D:\work\GitHub\front-end-learning\demos\jquery-plugins\node_modules as its parent node_modules
370 verbose linkBins nodejieba@1.4.8
371 verbose linkMans nodejieba@1.4.8
372 verbose rebuildBundles nodejieba@1.4.8
373 verbose rebuildBundles [ 'nan' ]
374 info install nodejieba@1.4.8
375 verbose unsafe-perm in lifecycle true
376 info nodejieba@1.4.8 Failed to exec install script
377 verbose unlock done using C:\Users\wlj\.cnpm\_locks\nodejieba-5bd8f8d9a328e39f.lock for D:\work\GitHub\front-end-learning\demos\jquery-plugins\node_modules\nodejieba
378 verbose stack Error: nodejieba@1.4.8 install: `node-gyp rebuild`
378 verbose stack Exit status 1
378 verbose stack     at EventEmitter.<anonymous> (C:\Users\wlj\AppData\Roaming\npm\node_modules\cnpm\node_modules\npm\lib\utils\lifecycle.js:214:16)
378 verbose stack     at emitTwo (events.js:87:13)
378 verbose stack     at EventEmitter.emit (events.js:172:7)
378 verbose stack     at ChildProcess.<anonymous> (C:\Users\wlj\AppData\Roaming\npm\node_modules\cnpm\node_modules\npm\lib\utils\spawn.js:24:14)
378 verbose stack     at emitTwo (events.js:87:13)
378 verbose stack     at ChildProcess.emit (events.js:172:7)
378 verbose stack     at maybeClose (internal/child_process.js:818:16)
378 verbose stack     at Process.ChildProcess._handle.onexit (internal/child_process.js:211:5)
379 verbose pkgid nodejieba@1.4.8
380 verbose cwd D:\work\GitHub\front-end-learning\demos\jquery-plugins
381 error Windows_NT 6.3.9600
382 error argv "D:\\ProgramFiles\\nodejs4\\node.exe" "C:\\Users\\wlj\\AppData\\Roaming\\npm\\node_modules\\cnpm\\node_modules\\npm\\bin\\npm-cli.js" "--userconfig=C:\\Users\\wlj\\.cnpmrc" "--disturl=https://npm.taobao.org/mirrors/node" "--cache=C:\\Users\\wlj\\.cnpm" "--registry=https://registry.npm.taobao.org" "--node-gyp=C:\\Users\\wlj\\AppData\\Roaming\\npm\\node_modules\\cnpm\\node_modules\\node-gyp\\bin\\node-gyp.js" "install" "--save" "nodejieba"
383 error node v4.2.1
384 error npm  v2.14.19
385 error code ELIFECYCLE
386 error nodejieba@1.4.8 install: `node-gyp rebuild`
386 error Exit status 1
387 error Failed at the nodejieba@1.4.8 install script 'node-gyp rebuild'.
387 error This is most likely a problem with the nodejieba package,
387 error not with npm itself.
387 error Tell the author that this fails on your system:
387 error     node-gyp rebuild
387 error You can get information on how to open an issue for this project with:
387 error     npm bugs nodejieba
387 error Or if that isn't available, you can get their info via:
387 error
387 error     npm owner ls nodejieba
387 error There is likely additional logging output above.
388 verbose exit [ 1, true ]
389 verbose unbuild node_modules\nodejieba
390 info preuninstall nodejieba@1.4.8
391 info uninstall nodejieba@1.4.8
392 verbose unbuild rmStuff nodejieba@1.4.8 from D:\work\GitHub\front-end-learning\demos\jquery-plugins\node_modules
393 info postuninstall nodejieba@1.4.8
394 silly gentlyRm D:\work\GitHub\front-end-learning\demos\jquery-plugins\node_modules\nodejieba is being purged from base D:\work\GitHub\front-end-learning\demos\jquery-plugins
395 verbose gentlyRm don't care about contents; nuking D:\work\GitHub\front-end-learning\demos\jquery-plugins\node_modules\nodejieba
396 silly vacuum-fs purging D:\work\GitHub\front-end-learning\demos\jquery-plugins\node_modules\nodejieba
397 silly vacuum-fs quitting because other entries in D:\work\GitHub\front-end-learning\demos\jquery-plugins\node_modules
